0 info it worked if it ends with ok
1 verbose cli [ '/Users/sam/.nvm/v0.10.32/bin/node',
1 verbose cli   '/Users/sam/.nvm/v0.10.32/bin/npm',
1 verbose cli   'install',
1 verbose cli   '--save',
1 verbose cli   'mongodb' ]
2 info using npm@1.4.28
3 info using node@v0.10.32
4 warn package.json mongo-server@1.0.0 No description
5 warn package.json mongo-server@1.0.0 No README data
6 verbose readDependencies using package.json deps
7 verbose cache add [ 'mongodb', null ]
8 verbose cache add name=undefined spec="mongodb" args=["mongodb",null]
9 verbose parsed url { protocol: null,
9 verbose parsed url   slashes: null,
9 verbose parsed url   auth: null,
9 verbose parsed url   host: null,
9 verbose parsed url   port: null,
9 verbose parsed url   hostname: null,
9 verbose parsed url   hash: null,
9 verbose parsed url   search: null,
9 verbose parsed url   query: null,
9 verbose parsed url   pathname: 'mongodb',
9 verbose parsed url   path: 'mongodb',
9 verbose parsed url   href: 'mongodb' }
10 silly lockFile 7f1c982e-mongodb mongodb
11 verbose lock mongodb /Users/sam/.npm/7f1c982e-mongodb.lock
12 silly lockFile 7f1c982e-mongodb mongodb
13 silly lockFile 7f1c982e-mongodb mongodb
14 verbose addNamed [ 'mongodb', '' ]
15 verbose addNamed [ null, '*' ]
16 silly lockFile 886df635-mongodb mongodb@
17 verbose lock mongodb@ /Users/sam/.npm/886df635-mongodb.lock
18 silly addNameRange { name: 'mongodb', range: '*', hasData: false }
19 verbose request where is /mongodb
20 verbose request registry https://registry.npmjs.org/
21 verbose request id a3e0f25deecafa37
22 verbose url raw /mongodb
23 verbose url resolving [ 'https://registry.npmjs.org/', './mongodb' ]
24 verbose url resolved https://registry.npmjs.org/mongodb
25 verbose request where is https://registry.npmjs.org/mongodb
26 info trying registry request attempt 1 at 02:40:22
27 verbose etag "C1L9HS3LGJ5CJZ99VTHA77RSX"
28 http GET https://registry.npmjs.org/mongodb
29 http 304 https://registry.npmjs.org/mongodb
30 silly registry.get cb [ 304,
30 silly registry.get   { date: 'Sat, 25 Oct 2014 07:40:22 GMT',
30 silly registry.get     server: 'Apache',
30 silly registry.get     via: '1.1 varnish',
30 silly registry.get     'last-modified': 'Sat, 25 Oct 2014 07:40:22 GMT',
30 silly registry.get     'cache-control': 'max-age=60',
30 silly registry.get     etag: '"C1L9HS3LGJ5CJZ99VTHA77RSX"',
30 silly registry.get     age: '0',
30 silly registry.get     'x-served-by': 'cache-ord1733-ORD',
30 silly registry.get     'x-cache': 'HIT',
30 silly registry.get     'x-cache-hits': '1',
30 silly registry.get     'x-timer': 'S1414222822.308841,VS0,VE275',
30 silly registry.get     vary: 'Accept',
30 silly registry.get     'content-length': '0',
30 silly registry.get     'keep-alive': 'timeout=10, max=50',
30 silly registry.get     connection: 'Keep-Alive' } ]
31 verbose etag https://registry.npmjs.org/mongodb from cache
32 silly addNameRange number 2 { name: 'mongodb', range: '*', hasData: true }
33 silly addNameRange versions [ 'mongodb',
33 silly addNameRange   [ '0.9.4',
33 silly addNameRange     '0.9.4-4',
33 silly addNameRange     '0.9.3',
33 silly addNameRange     '0.9.1',
33 silly addNameRange     '0.9.2',
33 silly addNameRange     '0.9.6-7',
33 silly addNameRange     '0.9.6-8',
33 silly addNameRange     '0.9.6-9',
33 silly addNameRange     '0.9.6-10',
33 silly addNameRange     '0.9.6-11',
33 silly addNameRange     '0.9.6-12',
33 silly addNameRange     '0.9.6-13',
33 silly addNameRange     '0.9.6-14',
33 silly addNameRange     '0.9.6-15',
33 silly addNameRange     '0.9.6-16',
33 silly addNameRange     '0.9.6-17',
33 silly addNameRange     '0.9.6-18',
33 silly addNameRange     '0.9.6-19',
33 silly addNameRange     '0.9.6-20',
33 silly addNameRange     '0.9.6-21',
33 silly addNameRange     '0.9.6-22',
33 silly addNameRange     '0.9.6-23',
33 silly addNameRange     '0.9.7',
33 silly addNameRange     '0.9.7-0',
33 silly addNameRange     '0.9.7-1',
33 silly addNameRange     '0.9.7-1.1',
33 silly addNameRange     '0.9.7-1.2',
33 silly addNameRange     '0.9.7-1.3',
33 silly addNameRange     '0.9.7-1.4',
33 silly addNameRange     '0.9.7-2',
33 silly addNameRange     '0.9.7-2-1',
33 silly addNameRange     '0.9.7-2-2',
33 silly addNameRange     '0.9.7-2-3',
33 silly addNameRange     '0.9.7-2-4',
33 silly addNameRange     '0.9.7-2-5',
33 silly addNameRange     '0.9.7-3',
33 silly addNameRange     '0.9.7-3-1',
33 silly addNameRange     '0.9.7-3-2',
33 silly addNameRange     '0.9.7-3-3',
33 silly addNameRange     '0.9.7-3-4',
33 silly addNameRange     '0.9.7-3-5',
33 silly addNameRange     '0.9.8',
33 silly addNameRange     '0.9.8-1',
33 silly addNameRange     '0.9.8-2',
33 silly addNameRange     '0.9.8-3',
33 silly addNameRange     '0.9.8-4',
33 silly addNameRange     '0.9.8-5',
33 silly addNameRange     '0.9.8-6',
33 silly addNameRange     '0.9.8-7',
33 silly addNameRange     '0.9.9',
33 silly addNameRange     '0.9.9-1',
33 silly addNameRange     '0.9.9-2',
33 silly addNameRange     '0.9.9-3',
33 silly addNameRange     '0.9.9-4',
33 silly addNameRange     '0.9.9-5',
33 silly addNameRange     '0.9.9-6',
33 silly addNameRange     '0.9.9-7',
33 silly addNameRange     '0.9.9-8',
33 silly addNameRange     '1.0.0',
33 silly addNameRange     '1.0.1',
33 silly addNameRange     '1.0.2',
33 silly addNameRange     '1.1.0-beta',
33 silly addNameRange     '1.1.0',
33 silly addNameRange     '1.1.1',
33 silly addNameRange     '1.1.2',
33 silly addNameRange     '1.1.3',
33 silly addNameRange     '1.1.4',
33 silly addNameRange     '1.1.5',
33 silly addNameRange     '1.1.6',
33 silly addNameRange     '1.1.7',
33 silly addNameRange     '1.1.8',
33 silly addNameRange     '1.1.9',
33 silly addNameRange     '1.1.10',
33 silly addNameRange     '1.1.11',
33 silly addNameRange     '1.2.0',
33 silly addNameRange     '1.2.1',
33 silly addNameRange     '1.2.2',
33 silly addNameRange     '1.2.3',
33 silly addNameRange     '1.2.4',
33 silly addNameRange     '1.2.5',
33 silly addNameRange     '1.2.6',
33 silly addNameRange     '1.2.7',
33 silly addNameRange     '1.2.8',
33 silly addNameRange     '1.2.9',
33 silly addNameRange     '1.2.10',
33 silly addNameRange     '1.2.11',
33 silly addNameRange     '1.2.12',
33 silly addNameRange     '1.2.13',
33 silly addNameRange     '1.2.14',
33 silly addNameRange     '1.3.0',
33 silly addNameRange     '1.3.1',
33 silly addNameRange     '1.3.2',
33 silly addNameRange     '1.3.3',
33 silly addNameRange     '1.3.4',
33 silly addNameRange     '1.3.5',
33 silly addNameRange     '1.3.6',
33 silly addNameRange     '1.3.7',
33 silly addNameRange     '1.3.8',
33 silly addNameRange     '1.3.9',
33 silly addNameRange     '1.3.10',
33 silly addNameRange     '1.3.11',
33 silly addNameRange     '1.3.12',
33 silly addNameRange     '1.3.14',
33 silly addNameRange     '1.3.15',
33 silly addNameRange     '1.3.17',
33 silly addNameRange     '1.3.18',
33 silly addNameRange     '1.3.19',
33 silly addNameRange     '1.4.0-rc2',
33 silly addNameRange     '1.3.20',
33 silly addNameRange     '1.4.0-rc3',
33 silly addNameRange     '1.3.21',
33 silly addNameRange     '1.3.22',
33 silly addNameRange     '1.3.23',
33 silly addNameRange     '1.4.0-rc4',
33 silly addNameRange     '1.4.0-rc5',
33 silly addNameRange     '1.4.0-rc6',
33 silly addNameRange     '1.4.0-rc7',
33 silly addNameRange     '1.4.0-rc8',
33 silly addNameRange     '1.4.0-rc9',
33 silly addNameRange     '1.4.0-rc10',
33 silly addNameRange     '1.4.0',
33 silly addNameRange     '1.4.1',
33 silly addNameRange     '1.4.2',
33 silly addNameRange     '1.4.3',
33 silly addNameRange     '1.4.4',
33 silly addNameRange     '1.4.5',
33 silly addNameRange     '1.4.6',
33 silly addNameRange     '1.4.7',
33 silly addNameRange     '1.4.8',
33 silly addNameRange     '1.4.9',
33 silly addNameRange     '1.4.10',
33 silly addNameRange     '2.0.0-alpha1',
33 silly addNameRange     '1.4.11',
33 silly addNameRange     '1.4.12',
33 silly addNameRange     '1.4.14',
33 silly addNameRange     '1.4.15',
33 silly addNameRange     '1.4.16',
33 silly addNameRange     '1.4.17',
33 silly addNameRange     '2.0.0-alpha2',
33 silly addNameRange     '1.4.18',
33 silly addNameRange     '2.0.0',
33 silly addNameRange     '2.0.1',
33 silly addNameRange     '2.0.2',
33 silly addNameRange     '1.4.19',
33 silly addNameRange     '2.0.3',
33 silly addNameRange     '2.0.4' ] ]
34 verbose addNamed [ 'mongodb', '1.4.19' ]
35 verbose addNamed [ '1.4.19', '1.4.19' ]
36 silly lockFile f2af46af-mongodb-1-4-19 mongodb@1.4.19
37 verbose lock mongodb@1.4.19 /Users/sam/.npm/f2af46af-mongodb-1-4-19.lock
38 silly lockFile 56fc26b9-s-org-mongodb-mongodb-1-4-19-tgz https://registry.npmjs.org/mongodb/-/mongodb-1.4.19.tgz
39 verbose lock https://registry.npmjs.org/mongodb/-/mongodb-1.4.19.tgz /Users/sam/.npm/56fc26b9-s-org-mongodb-mongodb-1-4-19-tgz.lock
40 verbose addRemoteTarball [ 'https://registry.npmjs.org/mongodb/-/mongodb-1.4.19.tgz',
40 verbose addRemoteTarball   'dbb47f1899c205b00bfb746db0ed002408b0af71' ]
41 info retry fetch attempt 1 at 02:40:23
42 verbose fetch to= /var/folders/f7/6332ds0j0jb8ljkw5rgjsk380000gn/T/npm-42640-EwS1dser/registry.npmjs.org/mongodb/-/mongodb-1.4.19.tgz
43 http GET https://registry.npmjs.org/mongodb/-/mongodb-1.4.19.tgz
44 http 200 https://registry.npmjs.org/mongodb/-/mongodb-1.4.19.tgz
45 silly lockFile 56fc26b9-s-org-mongodb-mongodb-1-4-19-tgz https://registry.npmjs.org/mongodb/-/mongodb-1.4.19.tgz
46 silly lockFile 56fc26b9-s-org-mongodb-mongodb-1-4-19-tgz https://registry.npmjs.org/mongodb/-/mongodb-1.4.19.tgz
47 silly lockFile f2af46af-mongodb-1-4-19 mongodb@1.4.19
48 silly lockFile f2af46af-mongodb-1-4-19 mongodb@1.4.19
49 silly lockFile 886df635-mongodb mongodb@
50 silly lockFile 886df635-mongodb mongodb@
51 error Error: EACCES, mkdir '/Users/sam/.npm/mongodb/1.4.19'
51 error  { [Error: EACCES, mkdir '/Users/sam/.npm/mongodb/1.4.19']
51 error   errno: 3,
51 error   code: 'EACCES',
51 error   path: '/Users/sam/.npm/mongodb/1.4.19',
51 error   parent: 'mongo-server' }
52 error Please try running this command again as root/Administrator.
53 error System Darwin 14.0.0
54 error command "/Users/sam/.nvm/v0.10.32/bin/node" "/Users/sam/.nvm/v0.10.32/bin/npm" "install" "--save" "mongodb"
55 error cwd /Users/sam/nodeJSAppDev
56 error node -v v0.10.32
57 error npm -v 1.4.28
58 error path /Users/sam/.npm/mongodb/1.4.19
59 error code EACCES
60 error errno 3
61 error stack Error: EACCES, mkdir '/Users/sam/.npm/mongodb/1.4.19'
62 verbose exit [ 3, true ]
